<?xml version="1.0" encoding="UTF-8"?>
<testsuite xmlns:xsi="http://www.w3.org/2001/XMLSchema-instance" xsi:noNamespaceSchemaLocation="https://maven.apache.org/surefire/maven-surefire-plugin/xsd/surefire-test-report-3.0.xsd" version="3.0" name="com.njit.sg2653.AppTest" time="0.013" tests="1" errors="0" skipped="0" failures="0">
  <properties>
    <property name="java.specification.version" value="21"/>
    <property name="sun.jnu.encoding" value="UTF-8"/>
    <property name="java.class.path" value="/Users/gurudatta/Java/image_recognition/target/test-classes:/Users/gurudatta/Java/image_recognition/target/classes:/Users/gurudatta/.m2/repository/junit/junit/3.8.1/junit-3.8.1.jar:/Users/gurudatta/.m2/repository/software/amazon/awssdk/regions/2.17.60/regions-2.17.60.jar:/Users/gurudatta/.m2/repository/software/amazon/awssdk/annotations/2.17.60/annotations-2.17.60.jar:/Users/gurudatta/.m2/repository/software/amazon/awssdk/utils/2.17.60/utils-2.17.60.jar:/Users/gurudatta/.m2/repository/org/reactivestreams/reactive-streams/1.0.3/reactive-streams-1.0.3.jar:/Users/gurudatta/.m2/repository/software/amazon/awssdk/sdk-core/2.17.60/sdk-core-2.17.60.jar:/Users/gurudatta/.m2/repository/software/amazon/awssdk/profiles/2.17.60/profiles-2.17.60.jar:/Users/gurudatta/.m2/repository/software/amazon/awssdk/json-utils/2.17.60/json-utils-2.17.60.jar:/Users/gurudatta/.m2/repository/software/amazon/awssdk/third-party-jackson-core/2.17.60/third-party-jackson-core-2.17.60.jar:/Users/gurudatta/.m2/repository/org/slf4j/slf4j-api/1.7.30/slf4j-api-1.7.30.jar:/Users/gurudatta/.m2/repository/software/amazon/awssdk/rekognition/2.17.60/rekognition-2.17.60.jar:/Users/gurudatta/.m2/repository/software/amazon/awssdk/aws-json-protocol/2.17.60/aws-json-protocol-2.17.60.jar:/Users/gurudatta/.m2/repository/software/amazon/awssdk/protocol-core/2.17.60/protocol-core-2.17.60.jar:/Users/gurudatta/.m2/repository/software/amazon/awssdk/auth/2.17.60/auth-2.17.60.jar:/Users/gurudatta/.m2/repository/software/amazon/eventstream/eventstream/1.0.1/eventstream-1.0.1.jar:/Users/gurudatta/.m2/repository/software/amazon/awssdk/http-client-spi/2.17.60/http-client-spi-2.17.60.jar:/Users/gurudatta/.m2/repository/software/amazon/awssdk/aws-core/2.17.60/aws-core-2.17.60.jar:/Users/gurudatta/.m2/repository/software/amazon/awssdk/metrics-spi/2.17.60/metrics-spi-2.17.60.jar:/Users/gurudatta/.m2/repository/software/amazon/awssdk/apache-client/2.17.60/apache-client-2.17.60.jar:/Users/gurudatta/.m2/repository/org/apache/httpcomponents/httpclient/4.5.13/httpclient-4.5.13.jar:/Users/gurudatta/.m2/repository/commons-logging/commons-logging/1.2/commons-logging-1.2.jar:/Users/gurudatta/.m2/repository/commons-codec/commons-codec/1.11/commons-codec-1.11.jar:/Users/gurudatta/.m2/repository/org/apache/httpcomponents/httpcore/4.4.11/httpcore-4.4.11.jar:/Users/gurudatta/.m2/repository/software/amazon/awssdk/netty-nio-client/2.17.60/netty-nio-client-2.17.60.jar:/Users/gurudatta/.m2/repository/io/netty/netty-codec-http/4.1.68.Final/netty-codec-http-4.1.68.Final.jar:/Users/gurudatta/.m2/repository/io/netty/netty-codec-http2/4.1.68.Final/netty-codec-http2-4.1.68.Final.jar:/Users/gurudatta/.m2/repository/io/netty/netty-codec/4.1.68.Final/netty-codec-4.1.68.Final.jar:/Users/gurudatta/.m2/repository/io/netty/netty-transport/4.1.68.Final/netty-transport-4.1.68.Final.jar:/Users/gurudatta/.m2/repository/io/netty/netty-resolver/4.1.68.Final/netty-resolver-4.1.68.Final.jar:/Users/gurudatta/.m2/repository/io/netty/netty-common/4.1.68.Final/netty-common-4.1.68.Final.jar:/Users/gurudatta/.m2/repository/io/netty/netty-buffer/4.1.68.Final/netty-buffer-4.1.68.Final.jar:/Users/gurudatta/.m2/repository/io/netty/netty-handler/4.1.68.Final/netty-handler-4.1.68.Final.jar:/Users/gurudatta/.m2/repository/io/netty/netty-transport-native-epoll/4.1.68.Final/netty-transport-native-epoll-4.1.68.Final-linux-x86_64.jar:/Users/gurudatta/.m2/repository/io/netty/netty-transport-native-unix-common/4.1.68.Final/netty-transport-native-unix-common-4.1.68.Final.jar:/Users/gurudatta/.m2/repository/com/typesafe/netty/netty-reactive-streams-http/2.0.5/netty-reactive-streams-http-2.0.5.jar:/Users/gurudatta/.m2/repository/com/typesafe/netty/netty-reactive-streams/2.0.5/netty-reactive-streams-2.0.5.jar:/Users/gurudatta/.m2/repository/software/amazon/awssdk/s3/2.17.60/s3-2.17.60.jar:/Users/gurudatta/.m2/repository/software/amazon/awssdk/aws-xml-protocol/2.17.60/aws-xml-protocol-2.17.60.jar:/Users/gurudatta/.m2/repository/software/amazon/awssdk/arns/2.17.60/arns-2.17.60.jar:/Users/gurudatta/.m2/repository/software/amazon/awssdk/sqs/2.17.60/sqs-2.17.60.jar:/Users/gurudatta/.m2/repository/software/amazon/awssdk/aws-query-protocol/2.17.60/aws-query-protocol-2.17.60.jar:"/>
    <property name="java.vm.vendor" value="Homebrew"/>
    <property name="sun.arch.data.model" value="64"/>
    <property name="java.vendor.url" value="https://github.com/Homebrew/homebrew-core/issues"/>
    <property name="os.name" value="Mac OS X"/>
    <property name="java.vm.specification.version" value="21"/>
    <property name="sun.java.launcher" value="SUN_STANDARD"/>
    <property name="user.country" value="US"/>
    <property name="sun.boot.library.path" value="/opt/homebrew/Cellar/openjdk/21.0.2/libexec/openjdk.jdk/Contents/Home/lib"/>
    <property name="sun.java.command" value="/Users/gurudatta/Java/image_recognition/target/surefire/surefirebooter-20240302152136625_3.jar /Users/gurudatta/Java/image_recognition/target/surefire 2024-03-02T15-21-36_536-jvmRun1 surefire-20240302152136625_1tmp surefire_0-20240302152136625_2tmp"/>
    <property name="http.nonProxyHosts" value="local|*.local|169.254/16|*.169.254/16"/>
    <property name="jdk.debug" value="release"/>
    <property name="surefire.test.class.path" value="/Users/gurudatta/Java/image_recognition/target/test-classes:/Users/gurudatta/Java/image_recognition/target/classes:/Users/gurudatta/.m2/repository/junit/junit/3.8.1/junit-3.8.1.jar:/Users/gurudatta/.m2/repository/software/amazon/awssdk/regions/2.17.60/regions-2.17.60.jar:/Users/gurudatta/.m2/repository/software/amazon/awssdk/annotations/2.17.60/annotations-2.17.60.jar:/Users/gurudatta/.m2/repository/software/amazon/awssdk/utils/2.17.60/utils-2.17.60.jar:/Users/gurudatta/.m2/repository/org/reactivestreams/reactive-streams/1.0.3/reactive-streams-1.0.3.jar:/Users/gurudatta/.m2/repository/software/amazon/awssdk/sdk-core/2.17.60/sdk-core-2.17.60.jar:/Users/gurudatta/.m2/repository/software/amazon/awssdk/profiles/2.17.60/profiles-2.17.60.jar:/Users/gurudatta/.m2/repository/software/amazon/awssdk/json-utils/2.17.60/json-utils-2.17.60.jar:/Users/gurudatta/.m2/repository/software/amazon/awssdk/third-party-jackson-core/2.17.60/third-party-jackson-core-2.17.60.jar:/Users/gurudatta/.m2/repository/org/slf4j/slf4j-api/1.7.30/slf4j-api-1.7.30.jar:/Users/gurudatta/.m2/repository/software/amazon/awssdk/rekognition/2.17.60/rekognition-2.17.60.jar:/Users/gurudatta/.m2/repository/software/amazon/awssdk/aws-json-protocol/2.17.60/aws-json-protocol-2.17.60.jar:/Users/gurudatta/.m2/repository/software/amazon/awssdk/protocol-core/2.17.60/protocol-core-2.17.60.jar:/Users/gurudatta/.m2/repository/software/amazon/awssdk/auth/2.17.60/auth-2.17.60.jar:/Users/gurudatta/.m2/repository/software/amazon/eventstream/eventstream/1.0.1/eventstream-1.0.1.jar:/Users/gurudatta/.m2/repository/software/amazon/awssdk/http-client-spi/2.17.60/http-client-spi-2.17.60.jar:/Users/gurudatta/.m2/repository/software/amazon/awssdk/aws-core/2.17.60/aws-core-2.17.60.jar:/Users/gurudatta/.m2/repository/software/amazon/awssdk/metrics-spi/2.17.60/metrics-spi-2.17.60.jar:/Users/gurudatta/.m2/repository/software/amazon/awssdk/apache-client/2.17.60/apache-client-2.17.60.jar:/Users/gurudatta/.m2/repository/org/apache/httpcomponents/httpclient/4.5.13/httpclient-4.5.13.jar:/Users/gurudatta/.m2/repository/commons-logging/commons-logging/1.2/commons-logging-1.2.jar:/Users/gurudatta/.m2/repository/commons-codec/commons-codec/1.11/commons-codec-1.11.jar:/Users/gurudatta/.m2/repository/org/apache/httpcomponents/httpcore/4.4.11/httpcore-4.4.11.jar:/Users/gurudatta/.m2/repository/software/amazon/awssdk/netty-nio-client/2.17.60/netty-nio-client-2.17.60.jar:/Users/gurudatta/.m2/repository/io/netty/netty-codec-http/4.1.68.Final/netty-codec-http-4.1.68.Final.jar:/Users/gurudatta/.m2/repository/io/netty/netty-codec-http2/4.1.68.Final/netty-codec-http2-4.1.68.Final.jar:/Users/gurudatta/.m2/repository/io/netty/netty-codec/4.1.68.Final/netty-codec-4.1.68.Final.jar:/Users/gurudatta/.m2/repository/io/netty/netty-transport/4.1.68.Final/netty-transport-4.1.68.Final.jar:/Users/gurudatta/.m2/repository/io/netty/netty-resolver/4.1.68.Final/netty-resolver-4.1.68.Final.jar:/Users/gurudatta/.m2/repository/io/netty/netty-common/4.1.68.Final/netty-common-4.1.68.Final.jar:/Users/gurudatta/.m2/repository/io/netty/netty-buffer/4.1.68.Final/netty-buffer-4.1.68.Final.jar:/Users/gurudatta/.m2/repository/io/netty/netty-handler/4.1.68.Final/netty-handler-4.1.68.Final.jar:/Users/gurudatta/.m2/repository/io/netty/netty-transport-native-epoll/4.1.68.Final/netty-transport-native-epoll-4.1.68.Final-linux-x86_64.jar:/Users/gurudatta/.m2/repository/io/netty/netty-transport-native-unix-common/4.1.68.Final/netty-transport-native-unix-common-4.1.68.Final.jar:/Users/gurudatta/.m2/repository/com/typesafe/netty/netty-reactive-streams-http/2.0.5/netty-reactive-streams-http-2.0.5.jar:/Users/gurudatta/.m2/repository/com/typesafe/netty/netty-reactive-streams/2.0.5/netty-reactive-streams-2.0.5.jar:/Users/gurudatta/.m2/repository/software/amazon/awssdk/s3/2.17.60/s3-2.17.60.jar:/Users/gurudatta/.m2/repository/software/amazon/awssdk/aws-xml-protocol/2.17.60/aws-xml-protocol-2.17.60.jar:/Users/gurudatta/.m2/repository/software/amazon/awssdk/arns/2.17.60/arns-2.17.60.jar:/Users/gurudatta/.m2/repository/software/amazon/awssdk/sqs/2.17.60/sqs-2.17.60.jar:/Users/gurudatta/.m2/repository/software/amazon/awssdk/aws-query-protocol/2.17.60/aws-query-protocol-2.17.60.jar:"/>
    <property name="sun.cpu.endian" value="little"/>
    <property name="user.home" value="/Users/gurudatta"/>
    <property name="user.language" value="en"/>
    <property name="java.specification.vendor" value="Oracle Corporation"/>
    <property name="java.version.date" value="2024-01-16"/>
    <property name="java.home" value="/opt/homebrew/Cellar/openjdk/21.0.2/libexec/openjdk.jdk/Contents/Home"/>
    <property name="file.separator" value="/"/>
    <property name="basedir" value="/Users/gurudatta/Java/image_recognition"/>
    <property name="java.vm.compressedOopsMode" value="Zero based"/>
    <property name="line.separator" value="&#10;"/>
    <property name="java.vm.specification.vendor" value="Oracle Corporation"/>
    <property name="java.specification.name" value="Java Platform API Specification"/>
    <property name="apple.awt.application.name" value="ForkedBooter"/>
    <property name="surefire.real.class.path" value="/Users/gurudatta/Java/image_recognition/target/surefire/surefirebooter-20240302152136625_3.jar"/>
    <property name="sun.management.compiler" value="HotSpot 64-Bit Tiered Compilers"/>
    <property name="ftp.nonProxyHosts" value="local|*.local|169.254/16|*.169.254/16"/>
    <property name="java.runtime.version" value="21.0.2"/>
    <property name="user.name" value="gurudatta"/>
    <property name="stdout.encoding" value="UTF-8"/>
    <property name="path.separator" value=":"/>
    <property name="os.version" value="14.1.2"/>
    <property name="java.runtime.name" value="OpenJDK Runtime Environment"/>
    <property name="file.encoding" value="UTF-8"/>
    <property name="java.vm.name" value="OpenJDK 64-Bit Server VM"/>
    <property name="java.vendor.version" value="Homebrew"/>
    <property name="localRepository" value="/Users/gurudatta/.m2/repository"/>
    <property name="java.vendor.url.bug" value="https://github.com/Homebrew/homebrew-core/issues"/>
    <property name="java.io.tmpdir" value="/var/folders/m6/jy00w6796tqgk13k3clbk3d40000gn/T/"/>
    <property name="java.version" value="21.0.2"/>
    <property name="user.dir" value="/Users/gurudatta/Java/image_recognition"/>
    <property name="os.arch" value="aarch64"/>
    <property name="java.vm.specification.name" value="Java Virtual Machine Specification"/>
    <property name="native.encoding" value="UTF-8"/>
    <property name="java.library.path" value="/Users/gurudatta/Library/Java/Extensions:/Library/Java/Extensions:/Network/Library/Java/Extensions:/System/Library/Java/Extensions:/usr/lib/java:."/>
    <property name="java.vm.info" value="mixed mode, sharing"/>
    <property name="stderr.encoding" value="UTF-8"/>
    <property name="java.vendor" value="Homebrew"/>
    <property name="java.vm.version" value="21.0.2"/>
    <property name="sun.io.unicode.encoding" value="UnicodeBig"/>
    <property name="socksNonProxyHosts" value="local|*.local|169.254/16|*.169.254/16"/>
    <property name="java.class.version" value="65.0"/>
  </properties>
  <testcase name="testApp" classname="com.njit.sg2653.AppTest" time="0.002"/>
</testsuite>